<?xml version="1.0" encoding="UTF-8"?>
<robot generator="Robot 4.0.3 (Python 3.9.1 on darwin)" generated="20210807 14:33:42.343" rpa="false" schemaversion="2">
<suite id="s1" name="Firsttest" source="/Users/lintiencheng/myproject/Tests/firsttest.robot">
<test id="s1-t1" name="Go to kkday">
<kw name="open selenium" library="Common" type="SETUP">
<kw name="Set Selenium Speed" library="Selenium2Library">
<arg>0.5 seconds</arg>
<doc>Sets the delay that is waited after each Selenium command.</doc>
<status status="PASS" starttime="20210807 14:33:42.499" endtime="20210807 14:33:42.499"/>
</kw>
<status status="PASS" starttime="20210807 14:33:42.499" endtime="20210807 14:33:42.499"/>
</kw>
<kw name="Open kkday page" library="kkdayPageObject">
<kw name="Open Browser" library="Selenium2Library">
<arg>${kkday_url}</arg>
<arg>chrome</arg>
<doc>Opens a new browser instance to the optional ``url``.</doc>
<msg timestamp="20210807 14:33:42.500" level="INFO">Opening browser 'chrome' to base url 'https://www.kkday.com/zh-tw'.</msg>
<status status="PASS" starttime="20210807 14:33:42.500" endtime="20210807 14:33:49.003"/>
</kw>
<kw name="Maximize Browser Window" library="Selenium2Library">
<doc>Maximizes current browser window.</doc>
<status status="PASS" starttime="20210807 14:33:49.003" endtime="20210807 14:33:49.861"/>
</kw>
<kw name="Wait Until Element Is Visible" library="Selenium2Library">
<arg>${kk_logo}</arg>
<doc>Waits until the element ``locator`` is visible.</doc>
<status status="PASS" starttime="20210807 14:33:49.862" endtime="20210807 14:33:50.901"/>
</kw>
<kw name="Wait Until Element Is Visible" library="Selenium2Library">
<arg>${kk_banner}</arg>
<doc>Waits until the element ``locator`` is visible.</doc>
<status status="PASS" starttime="20210807 14:33:50.901" endtime="20210807 14:33:51.935"/>
</kw>
<status status="PASS" starttime="20210807 14:33:42.499" endtime="20210807 14:33:51.936"/>
</kw>
<kw name="Go to water" library="kkdayPageObject">
<kw name="Click Element" library="Selenium2Library">
<arg>${water_act}</arg>
<doc>Click the element identified by ``locator``.</doc>
<msg timestamp="20210807 14:33:51.937" level="INFO">Clicking element '//*[@class="kkday-section home-section"]/div/div[2]/div/div/div[4]/div'.</msg>
<status status="PASS" starttime="20210807 14:33:51.937" endtime="20210807 14:33:54.155"/>
</kw>
<kw name="Wait Until Element Is Visible" library="Selenium2Library">
<arg>${water_banner}</arg>
<doc>Waits until the element ``locator`` is visible.</doc>
<status status="PASS" starttime="20210807 14:33:54.156" endtime="20210807 14:33:55.191"/>
</kw>
<status status="PASS" starttime="20210807 14:33:51.936" endtime="20210807 14:33:55.191"/>
</kw>
<kw name="Choose active" library="kkdayPageObject">
<kw name="Click Element" library="Selenium2Library">
<arg>//*[@class="theme_hotel_wrap water_activities_wrap"]/div/div/div/div[2]/div[2]/button</arg>
<doc>Click the element identified by ``locator``.</doc>
<msg timestamp="20210807 14:33:55.193" level="INFO">Clicking element '//*[@class="theme_hotel_wrap water_activities_wrap"]/div/div/div/div[2]/div[2]/button'.</msg>
<status status="PASS" starttime="20210807 14:33:55.192" endtime="20210807 14:33:56.268"/>
</kw>
<kw name="Select From List By Value" library="Selenium2Library">
<arg>div.wrapper:nth-child(3) div.theme_hotel_wrap.water_activities_wrap div.hotel__banner div.hotel__container div.hotel__container-info div.hotel__container-search.clearfix div.theme-filter-block.destination-block:nth-child(2) div.filter-modal &gt; ul.filter-modal__options</arg>
<arg>SUP</arg>
<doc>Selects options from selection list ``locator`` by ``values``.</doc>
<msg timestamp="20210807 14:33:56.269" level="INFO">Selecting options from selection list 'div.wrapper:nth-child(3) div.theme_hotel_wrap.water_activities_wrap div.hotel__banner div.hotel__container div.hotel__container-info div.hotel__container-search.clearfix div.theme-filter-block.destination-block:nth-child(2) div.filter-modal &gt; ul.filter-modal__options' by value SUP.</msg>
<kw name="Capture Page Screenshot" library="Selenium2Library">
<doc>Takes a screenshot of the current page and embeds it into a log file.</doc>
<msg timestamp="20210807 14:33:58.512" level="INFO" html="true">&lt;/td&gt;&lt;/tr&gt;&lt;tr&gt;&lt;td colspan="3"&gt;&lt;a href="selenium-screenshot-17.png"&gt;&lt;img src="selenium-screenshot-17.png" width="800px"&gt;&lt;/a&gt;</msg>
<status status="PASS" starttime="20210807 14:33:56.785" endtime="20210807 14:33:58.512"/>
</kw>
<msg timestamp="20210807 14:33:58.514" level="FAIL">List with locator 'div.wrapper:nth-child(3) div.theme_hotel_wrap.water_activities_wrap div.hotel__banner div.hotel__container div.hotel__container-info div.hotel__container-search.clearfix div.theme-filter-block.destination-block:nth-child(2) div.filter-modal &gt; ul.filter-modal__options' not found.</msg>
<status status="FAIL" starttime="20210807 14:33:56.269" endtime="20210807 14:33:58.514"/>
</kw>
<kw name="Click Element" library="Selenium2Library">
<arg>//*[@class="theme_hotel_wrap water_activities_wrap"]/div/div/div/div[2]/div[2]/div/div/button</arg>
<doc>Click the element identified by ``locator``.</doc>
<status status="NOT RUN" starttime="20210807 14:33:58.514" endtime="20210807 14:33:58.514"/>
</kw>
<status status="FAIL" starttime="20210807 14:33:55.192" endtime="20210807 14:33:58.514"/>
</kw>
<kw name="finish testcase" library="Common" type="TEARDOWN">
<kw name="Close Browser" library="Selenium2Library">
<doc>Closes the current browser.</doc>
<status status="PASS" starttime="20210807 14:33:58.515" endtime="20210807 14:33:59.080"/>
</kw>
<status status="PASS" starttime="20210807 14:33:58.515" endtime="20210807 14:33:59.081"/>
</kw>
<status status="FAIL" starttime="20210807 14:33:42.498" endtime="20210807 14:33:59.081">List with locator 'div.wrapper:nth-child(3) div.theme_hotel_wrap.water_activities_wrap div.hotel__banner div.hotel__container div.hotel__container-info div.hotel__container-search.clearfix div.theme-filter-block.destination-block:nth-child(2) div.filter-modal &gt; ul.filter-modal__options' not found.</status>
</test>
<status status="FAIL" starttime="20210807 14:33:42.344" endtime="20210807 14:33:59.082"/>
</suite>
<statistics>
<total>
<stat pass="0" fail="1" skip="0">All Tests</stat>
</total>
<tag>
</tag>
<suite>
<stat pass="0" fail="1" skip="0" id="s1" name="Firsttest">Firsttest</stat>
</suite>
</statistics>
<errors>
<msg timestamp="20210807 14:33:42.493" level="ERROR">Error in file '/Users/lintiencheng/myproject/Resourse/PageObjects/kkdayPageObject.robot' on line 4: Importing library 'Datetime' failed: ModuleNotFoundError: No module named 'Datetime'
Traceback (most recent call last):
  None
PYTHONPATH:
  /Users/lintiencheng/myproject
  /Library/Frameworks/Python.framework/Versions/3.9/lib/python39.zip
  /Library/Frameworks/Python.framework/Versions/3.9/lib/python3.9
  /Library/Frameworks/Python.framework/Versions/3.9/lib/python3.9/lib-dynload
  /Users/lintiencheng/Library/Python/3.9/lib/python/site-packages
  /Library/Frameworks/Python.framework/Versions/3.9/lib/python3.9/site-packages</msg>
<msg timestamp="20210807 14:33:42.497" level="ERROR">Error in file '/Users/lintiencheng/myproject/Resourse/PageObjects/myfonePageObjects.robot' on line 4: Importing library 'Datetime' failed: ModuleNotFoundError: No module named 'Datetime'
Traceback (most recent call last):
  None
PYTHONPATH:
  /Users/lintiencheng/myproject
  /Library/Frameworks/Python.framework/Versions/3.9/lib/python39.zip
  /Library/Frameworks/Python.framework/Versions/3.9/lib/python3.9
  /Library/Frameworks/Python.framework/Versions/3.9/lib/python3.9/lib-dynload
  /Users/lintiencheng/Library/Python/3.9/lib/python/site-packages
  /Library/Frameworks/Python.framework/Versions/3.9/lib/python3.9/site-packages</msg>
</errors>
</robot>
